Тест Без ошибок
---- Протокол ------- Дата: 06.06.2021 19:25:42
---- Параметры -------
-log: input.log
-out: C:\Users\Asus\Desktop\AIM-2021\Debug\AIM-2021.exe.out
-in: input.txt


================LEX TABLE==============

Num      Line   Lexema     ID in IT    value

  0       1       v                        
  1       1       t                       l
  2       1       i            1           
  3       1       ;                        
  4       2       v                        
  5       2       t                       b
  6       2       i            2           
  7       2       ;                        
  8       3       t                       b
  9       3       a                        
 10       3       i            3           
 11       3       (                        
 12       3       t                       l
 13       3       i            4           
 14       3       )                        
 15       4       {                        
 16       5       i            2           
 17       5       =                        
 18       5       i                       z
 19       5       (                        
 20       5       i            4           
 21       5       )                        
 22       5       ;                        
 23       6       g                        
 24       6       i            2           
 25       6       ;                        
 26       7       }                        
 27       7       ;                        
 28       9       v                        
 29       9       t                       b
 30       9       i            5           
 31       9       ;                        
 32      10       v                        
 33      10       t                       b
 34      10       i            6           
 35      10       ;                        
 36      11       v                        
 37      11       t                       b
 38      11       i            7           
 39      11       ;                        
 40      12       v                        
 41      12       t                       b
 42      12       i            8           
 43      12       ;                        
 44      13       v                        
 45      13       t                       b
 46      13       i            9           
 47      13       ;                        
 48      14       v                        
 49      14       t                       b
 50      14       i           10           
 51      14       ;                        
 52      15       v                        
 53      15       t                       b
 54      15       i           11           
 55      15       ;                        
 56      16       v                        
 57      16       t                       b
 58      16       i           12           
 59      16       ;                        
 60      17       t                       b
 61      17       a                        
 62      17       i           13           
 63      17       (                        
 64      17       t                       b
 65      17       i           14           
 66      17       ,                        
 67      17       t                       b
 68      17       i           15           
 69      17       )                        
 70      18       {                        
 71      19       i            5           
 72      19       =                        
 73      19       i           14           
 74      19       ^                       +
 75      19       i           15           
 76      19       ;                        
 77      20       o                        
 78      20       (                        
 79      20       l           16           
 80      20       )                        
 81      20       ;                        
 82      21       o                        
 83      21       (                        
 84      21       i            5           
 85      21       )                        
 86      21       ;                        
 87      22       i            6           
 88      22       =                        
 89      22       i           14           
 90      22       ^                       -
 91      22       i           15           
 92      22       ;                        
 93      23       o                        
 94      23       (                        
 95      23       l           17           
 96      23       )                        
 97      23       ;                        
 98      24       o                        
 99      24       (                        
100      24       i            6           
101      24       )                        
102      24       ;                        
103      25       i            7           
104      25       =                        
105      25       i           14           
106      25       ^                       *
107      25       i           15           
108      25       ;                        
109      26       o                        
110      26       (                        
111      26       l           18           
112      26       )                        
113      26       ;                        
114      27       o                        
115      27       (                        
116      27       i            7           
117      27       )                        
118      27       ;                        
119      28       i            8           
120      28       =                        
121      28       i           14           
122      28       ^                       /
123      28       i           15           
124      28       ;                        
125      29       o                        
126      29       (                        
127      29       l           19           
128      29       )                        
129      29       ;                        
130      30       o                        
131      30       (                        
132      30       i            8           
133      30       )                        
134      30       ;                        
135      31       i            9           
136      31       =                        
137      31       i            5           
138      31       ^                       +
139      31       i            6           
140      31       ^                       +
141      31       i            7           
142      31       ^                       +
143      31       i            8           
144      31       ;                        
145      32       g                        
146      32       i            9           
147      32       ;                        
148      33       }                        
149      33       ;                        
150      35       v                        
151      35       t                       b
152      35       i           20           
153      35       ;                        
154      36       v                        
155      36       t                       b
156      36       i           21           
157      36       ;                        
158      37       v                        
159      37       t                       b
160      37       i           22           
161      37       ;                        
162      38       v                        
163      38       t                       b
164      38       i           23           
165      38       ;                        
166      39       t                       b
167      39       a                        
168      39       i           24           
169      39       (                        
170      39       t                       b
171      39       i           25           
172      39       )                        
173      40       {                        
174      41       i           20           
175      41       =                        
176      41       i           25           
177      41       ^                       %
178      41       l           26           
179      41       ;                        
180      42       w                        
181      42       (                        
182      42       i           20           
183      42       =                        
184      42       l           27           
185      42       )                        
186      42       ?                       ?
187      43       {                        
188      44       i           23           
189      44       =                        
190      44       l           28           
191      44       ;                        
192      45       }                        
193      47       r                        
194      47       {                        
195      48       i           23           
196      48       =                        
197      48       l           29           
198      48       ;                        
199      49       }                        
200      50       g                        
201      50       i           23           
202      50       ;                        
203      51       }                        
204      51       ;                        
205      53       v                        
206      53       t                       l
207      53       i           30           
208      53       ;                        
209      54       v                        
210      54       t                       l
211      54       i           31           
212      54       ;                        
213      55       v                        
214      55       t                       l
215      55       i           32           
216      55       ;                        
217      56       v                        
218      56       t                       b
219      56       i           33           
220      56       ;                        
221      58       m           34           
222      58       {                        
223      59       o                        
224      59       (                        
225      59       l           35           
226      59       )                        
227      59       ;                        
228      60       o                        
229      60       (                        
230      60       l           36           
231      60       )                        
232      60       ;                        
233      61       o                        
234      61       (                        
235      61       l           37           
236      61       )                        
237      61       ;                        
238      63       i            1           
239      63       =                        
240      63       l           38           
241      63       ;                        
242      64       o                        
243      64       (                        
244      64       i            1           
245      64       )                        
246      64       ;                        
247      65       i            2           
248      65       =                        
249      65       i            3           
250      65       (                        
251      65       i            1           
252      65       )                        
253      65       ;                        
254      66       o                        
255      66       (                        
256      66       l           39           
257      66       )                        
258      66       ;                        
259      67       o                        
260      67       (                        
261      67       i            2           
262      67       )                        
263      67       ;                        
264      69       i           10           
265      69       =                        
266      69       l           40           
267      69       ;                        
268      70       i           11           
269      70       =                        
270      70       l           41           
271      70       ;                        
272      72       o                        
273      72       (                        
274      72       i           10           
275      72       )                        
276      72       ;                        
277      73       o                        
278      73       (                        
279      73       i           11           
280      73       )                        
281      73       ;                        
282      74       i           12           
283      74       =                        
284      74       i           13           
285      74       (                        
286      74       i           10           
287      74       ,                        
288      74       i           11           
289      74       )                        
290      74       ;                        
291      75       o                        
292      75       (                        
293      75       l           42           
294      75       )                        
295      75       ;                        
296      76       o                        
297      76       (                        
298      76       i           12           
299      76       )                        
300      76       ;                        
301      78       i           22           
302      78       =                        
303      78       l           43           
304      78       ;                        
305      79       o                        
306      79       (                        
307      79       l           44           
308      79       )                        
309      79       ;                        
310      80       o                        
311      80       (                        
312      80       l           45           
313      80       )                        
314      80       ;                        
315      81       i           21           
316      81       =                        
317      81       i           24           
318      81       (                        
319      81       i           22           
320      81       )                        
321      81       ;                        
322      82       w                        
323      82       (                        
324      82       i           21           
325      82       =                        
326      82       l           46           
327      82       )                        
328      82       ?                       ?
329      83       {                        
330      84       o                        
331      84       (                        
332      84       l           47           
333      84       )                        
334      84       ;                        
335      85       }                        
336      87       r                        
337      87       {                        
338      88       o                        
339      88       (                        
340      88       l           48           
341      88       )                        
342      88       ;                        
343      89       }                        
344      91       i           30           
345      91       =                        
346      91       l           49           
347      91       ;                        
348      92       i           31           
349      92       =                        
350      92       l           50           
351      92       ;                        
352      93       o                        
353      93       (                        
354      93       l           51           
355      93       )                        
356      93       ;                        
357      94       o                        
358      94       (                        
359      94       i           30           
360      94       )                        
361      94       ;                        
362      95       o                        
363      95       (                        
364      95       l           52           
365      95       )                        
366      95       ;                        
367      96       o                        
368      96       (                        
369      96       i           31           
370      96       )                        
371      96       ;                        
372      97       i           32           
373      97       =                        
374      97       i                       z
375      97       (                        
376      97       i           30           
377      97       ,                        
378      97       i           31           
379      97       )                        
380      97       ;                        
381      98       o                        
382      98       (                        
383      98       l           53           
384      98       )                        
385      98       ;                        
386      99       o                        
387      99       (                        
388      99       i           32           
389      99       )                        
390      99       ;                        
391     100       f                        
392     100       (                        
393     100       l           54           
394     100       )                        
395     100       e                        
396     100       (                        
397     100       l           55           
398     100       )                        
399     100       $                       $
400     101       {                        
401     102       o                        
402     102       (                        
403     102       l           56           
404     102       )                        
405     102       ;                        
406     103       }                        
407     105       i           33           
408     105       =                        
409     105       l           57           
410     105       ;                        
411     106       o                        
412     106       (                        
413     106       l           58           
414     106       )                        
415     106       ;                        
416     107       o                        
417     107       (                        
418     107       l           59           
419     107       )                        
420     107       ;                        
421     108       o                        
422     108       (                        
423     108       i           33           
424     108       )                        
425     108       ;                        
426     110       g                        
427     110       l           60           
428     110       ;                        
429     111       }                        
430     111       ;                        
                  

===========LEX TABLE mini==============

vti;
vti;
tai(ti)
{
i=i(i);
gi;
};

vti;
vti;
vti;
vti;
vti;
vti;
vti;
vti;
tai(ti,ti)
{
i=i^i;
o(l);
o(i);
i=i^i;
o(l);
o(i);
i=i^i;
o(l);
o(i);
i=i^i;
o(l);
o(i);
i=i^i^i^i;
gi;
};

vti;
vti;
vti;
vti;
tai(ti)
{
i=i^l;
w(i=l)?
{
i=l;
}

r{
i=l;
}
gi;
};

vti;
vti;
vti;
vti;

m{
o(l);
o(l);
o(l);

i=l;
o(i);
i=i(i);
o(l);
o(i);

i=l;
i=l;

o(i);
o(i);
i=i(i,i);
o(l);
o(i);

i=l;
o(l);
o(l);
i=i(i);
w(i=l)?
{
o(l);
}

r{
o(l);
}

i=l;
i=l;
o(l);
o(i);
o(l);
o(i);
i=i(i,i);
o(l);
o(i);
f(l)e(l)$
{
o(l);
}

i=l;
o(l);
o(l);
o(i);

gl;
};

                                                    ID TABLE

              Name              Type         Data type       First in LT                      Value      Visibility

  1           name            variable           line              2                            NV            0
  2         length            variable          brief              6                             0            0
  3     lengthname            function          brief             10                             0            0
  4              l           parameter           line             13                            NV            0 1
  5            sum            variable          brief             30                             0            0
  6            sub            variable          brief             34                             0            0
  7            mul            variable          brief             38                             0            0
  8            div            variable          brief             42                             0            0
  9        result1            variable          brief             46                             0            0
 10              a            variable          brief             50                             0            0
 11              b            variable          brief             54                             0            0
 12          value            variable          brief             58                             0            0
 13     calculator            function          brief             62                             0            0
 14        number1           parameter          brief             65                             0            0 2
 15        number2           parameter          brief             68                             0            0 2
 16             T0             literal           line             79                        'Sum:'            0 2
 17             T1             literal           line             95                        'Sub:'            0 2
 18             T2             literal           line            111                        'Mul:'            0 2
 19             T3             literal           line            127                        'Div:'            0 2
 20              x            variable          brief            152                             0            0
 21              y            variable          brief            156                             0            0
 22              z            variable          brief            160                             0            0
 23        result2            variable          brief            164                             0            0
 24            mod            function          brief            168                             0            0
 25         number           parameter          brief            171                             0            0 3
 26             L0             literal          brief            178                             2            0 3
 27             L1             literal          brief            184                             0            0 3
 28             L2             literal          brief            190                             1            0 3 4
 29             L3             literal          brief            197                             0            0 3 5
 30           str1            variable           line            207                            NV            0
 31           str2            variable           line            211                            NV            0
 32      resultstr            variable           line            215                            NV            0
 33            hex            variable          brief            219                             0            0
 34          major            function          brief            221                             0            0
 35             T4             literal           line            225                  '=========='            0 6
 36             T5             literal           line            230                  '*AIM-2021*'            0 6
 37             T6             literal           line            235                  '=========='            0 6
 38             T7             literal           line            240                        'Ivan'            0 6
 39             T8             literal           line            256               'Name length: '            0 6
 40             L4             literal          brief            266                            10            0 6
 41             L5             literal          brief            270                             5            0 6
 42             T9             literal           line            293     'Sum + Sub + Mul + Div: '            0 6
 43             L6             literal          brief            303                            18            0 6
 44            T10             literal           line            307                     'Number:'            0 6
 45             L7             literal          brief            312                            18            0 6
 46             L8             literal          brief            326                             1            0 6
 47            T11             literal           line            332                        'Even'            0 6 7
 48            T12             literal           line            340                         'Odd'            0 6 8
 49            T13             literal           line            346                        'Name'            0 6
 50            T14             literal           line            350                    'Adnomakh'            0 6
 51            T15             literal           line            354                       'Str1:'            0 6
 52            T16             literal           line            364                       'Str2:'            0 6
 53            T17             literal           line            383                       'Str1:'            0 6
 54             L9             literal          brief            393                             0            0 6
 55            L10             literal          brief            397                             2            0 6
 56            T18             literal           line            403                        'Text'            0 6 9
 57            L11             literal          brief            409                          2020            0 6
 58            T19             literal           line            413                    'HEX: 7E4'            0 6
 59            T20             literal           line            418                        'DEC:'            0 6
 60            L12             literal          brief            427                             0            0 6




427 : U->l                
426 : N->gU;              
423 : U->i                
421 : N->o(U);N           
418 : U->l                
416 : N->o(U);N           
413 : U->l                
411 : N->o(U);N           
409 : E->l                
407 : N->i=E;N            
403 : U->l                
401 : N->o(U);            
397 : U->l                
393 : U->l                
391 : N->f(U)e(U)${N}N    
388 : U->i                
386 : N->o(U);N           
383 : U->l                
381 : N->o(U);N           
378 : W->i                
376 : W->i,W              
374 : E->i(W)             
372 : N->i=E;N            
369 : U->i                
367 : N->o(U);N           
364 : U->l                
362 : N->o(U);N           
359 : U->i                
357 : N->o(U);N           
354 : U->l                
352 : N->o(U);N           
350 : E->l                
348 : N->i=E;N            
346 : E->l                
344 : N->i=E;N            
340 : U->l                
338 : N->o(U);            
332 : U->l                
330 : N->o(U);            
326 : U->l                
325 : C->=                
324 : U->i                
322 : N->w(UCU)?{N}r{N}N  
319 : W->i                
317 : E->i(W)             
315 : N->i=E;N            
312 : U->l                
310 : N->o(U);N           
307 : U->l                
305 : N->o(U);N           
303 : E->l                
301 : N->i=E;N            
298 : U->i                
296 : N->o(U);N           
293 : U->l                
291 : N->o(U);N           
288 : W->i                
286 : W->i,W              
284 : E->i(W)             
282 : N->i=E;N            
279 : U->i                
277 : N->o(U);N           
274 : U->i                
272 : N->o(U);N           
270 : E->l                
268 : N->i=E;N            
266 : E->l                
264 : N->i=E;N            
261 : U->i                
259 : N->o(U);N           
256 : U->l                
254 : N->o(U);N           
251 : W->i                
249 : E->i(W)             
247 : N->i=E;N            
244 : U->i                
242 : N->o(U);N           
240 : E->l                
238 : N->i=E;N            
235 : U->l                
233 : N->o(U);N           
230 : U->l                
228 : N->o(U);N           
225 : U->l                
223 : N->o(U);N           
221 : S->m{N};            
217 : S->vti;S            
213 : S->vti;S            
209 : S->vti;S            
205 : S->vti;S            
201 : U->i                
200 : N->gU;              
197 : E->l                
195 : N->i=E;             
190 : E->l                
188 : N->i=E;             
184 : U->l                
183 : C->=                
182 : U->i                
180 : N->w(UCU)?{N}r{N}N  
178 : E->l                
177 : M->^E               
176 : E->iM               
174 : N->i=E;N            
170 : F->ti               
166 : S->tai(F){N};S      
162 : S->vti;S            
158 : S->vti;S            
154 : S->vti;S            
150 : S->vti;S            
146 : U->i                
145 : N->gU;              
143 : E->i                
142 : M->^E               
141 : E->iM               
140 : M->^E               
139 : E->iM               
138 : M->^E               
137 : E->iM               
135 : N->i=E;N            
132 : U->i                
130 : N->o(U);N           
127 : U->l                
125 : N->o(U);N           
123 : E->i                
122 : M->^E               
121 : E->iM               
119 : N->i=E;N            
116 : U->i                
114 : N->o(U);N           
111 : U->l                
109 : N->o(U);N           
107 : E->i                
106 : M->^E               
105 : E->iM               
103 : N->i=E;N            
100 : U->i                
98  : N->o(U);N           
95  : U->l                
93  : N->o(U);N           
91  : E->i                
90  : M->^E               
89  : E->iM               
87  : N->i=E;N            
84  : U->i                
82  : N->o(U);N           
79  : U->l                
77  : N->o(U);N           
75  : E->i                
74  : M->^E               
73  : E->iM               
71  : N->i=E;N            
67  : F->ti               
64  : F->ti,F             
60  : S->tai(F){N};S      
56  : S->vti;S            
52  : S->vti;S            
48  : S->vti;S            
44  : S->vti;S            
40  : S->vti;S            
36  : S->vti;S            
32  : S->vti;S            
28  : S->vti;S            
24  : U->i                
23  : N->gU;              
20  : W->i                
18  : E->i(W)             
16  : N->i=E;N            
12  : F->ti               
8   : S->tai(F){N};S      
4   : S->vti;S            
0   : S->vti;S            


======= Исходные данные =====
Количество символов: 1452
Проигнорировано:     0
Количество строк:    111
