d:\kkv-2020\kkv-2020\kkv-2020\debug\vc142.pdb
d:\kkv-2020\kkv-2020\kkv-2020\debug\vc142.idb
d:\kkv-2020\kkv-2020\kkv-2020\debug\semantic.obj
d:\kkv-2020\kkv-2020\kkv-2020\debug\polishnotation.obj
d:\kkv-2020\kkv-2020\kkv-2020\debug\pch.obj
d:\kkv-2020\kkv-2020\kkv-2020\debug\parm.obj
d:\kkv-2020\kkv-2020\kkv-2020\debug\mfst.obj
d:\kkv-2020\kkv-2020\kkv-2020\debug\main.obj
d:\kkv-2020\kkv-2020\kkv-2020\debug\lt.obj
d:\kkv-2020\kkv-2020\kkv-2020\debug\log.obj
d:\kkv-2020\kkv-2020\kkv-2020\debug\lexanaliz.obj
d:\kkv-2020\kkv-2020\kkv-2020\debug\it.obj
d:\kkv-2020\kkv-2020\kkv-2020\debug\in.obj
d:\kkv-2020\kkv-2020\kkv-2020\debug\greibach.obj
d:\kkv-2020\kkv-2020\kkv-2020\debug\generation.obj
d:\kkv-2020\kkv-2020\kkv-2020\debug\fst.obj
d:\kkv-2020\kkv-2020\kkv-2020\debug\filesmanager.obj
d:\kkv-2020\kkv-2020\kkv-2020\debug\error.obj
d:\kkv-2020\kkv-2020\debug\kkv-2020.ilk
d:\kkv-2020\kkv-2020\debug\kkv-2020.exe
d:\kkv-2020\kkv-2020\debug\kkv-2020.pdb
d:\kkv-2020\kkv-2020\kkv-2020\debug\kkv-2020.tlog\cl.command.1.tlog
d:\kkv-2020\kkv-2020\kkv-2020\debug\kkv-2020.tlog\cl.read.1.tlog
d:\kkv-2020\kkv-2020\kkv-2020\debug\kkv-2020.tlog\cl.write.1.tlog
d:\kkv-2020\kkv-2020\kkv-2020\debug\kkv-2020.tlog\link.command.1.tlog
d:\kkv-2020\kkv-2020\kkv-2020\debug\kkv-2020.tlog\link.read.1.tlog
d:\kkv-2020\kkv-2020\kkv-2020\debug\kkv-2020.tlog\link.write.1.tlog
